Training: 100%|██████████████████████████████████████████████████████████████████████████████████████████████████████████| 189/189 [02:06<00:00,  1.50it/s]
Evaluating: 100%|██████████████████████████████████████████████████████████████████████████████████████████████████████████| 27/27 [00:11<00:00,  2.27it/s]
Epoch 1: Train Loss: 0.4252, Train Acc: 0.8233, Train F1: 0.8235
Epoch 1: Val Loss: 0.4500, Val Acc: 0.7860, Val F1: 0.7870
New best model saved with F1: 0.7870
Training: 100%|██████████████████████████████████████████████████████████████████████████████████████████████████████████| 189/189 [02:14<00:00,  1.40it/s]
Evaluating: 100%|██████████████████████████████████████████████████████████████████████████████████████████████████████████| 27/27 [00:11<00:00,  2.37it/s]
Epoch 2: Train Loss: 0.4017, Train Acc: 0.8233, Train F1: 0.8235
Epoch 2: Val Loss: 0.4297, Val Acc: 0.7907, Val F1: 0.7912
New best model saved with F1: 0.7912
Training: 100%|██████████████████████████████████████████████████████████████████████████████████████████████████████████| 189/189 [02:19<00:00,  1.35it/s]
Evaluating: 100%|██████████████████████████████████████████████████████████████████████████████████████████████████████████| 27/27 [00:11<00:00,  2.27it/s]
Epoch 3: Train Loss: 0.3798, Train Acc: 0.8339, Train F1: 0.8341
Epoch 3: Val Loss: 0.4018, Val Acc: 0.7907, Val F1: 0.7911
Training: 100%|██████████████████████████████████████████████████████████████████████████████████████████████████████████| 189/189 [02:07<00:00,  1.48it/s]
Evaluating: 100%|██████████████████████████████████████████████████████████████████████████████████████████████████████████| 27/27 [00:11<00:00,  2.31it/s]
Epoch 4: Train Loss: 0.3738, Train Acc: 0.8273, Train F1: 0.8275
Epoch 4: Val Loss: 0.4294, Val Acc: 0.8047, Val F1: 0.8055
New best model saved with F1: 0.8055
Training: 100%|██████████████████████████████████████████████████████████████████████████████████████████████████████████| 189/189 [02:16<00:00,  1.39it/s]
Evaluating: 100%|██████████████████████████████████████████████████████████████████████████████████████████████████████████| 27/27 [00:11<00:00,  2.30it/s]
Epoch 5: Train Loss: 0.3687, Train Acc: 0.8405, Train F1: 0.8407
Epoch 5: Val Loss: 0.4227, Val Acc: 0.8093, Val F1: 0.8092
New best model saved with F1: 0.8092
Training: 100%|██████████████████████████████████████████████████████████████████████████████████████████████████████████| 189/189 [01:55<00:00,  1.64it/s]
Evaluating: 100%|██████████████████████████████████████████████████████████████████████████████████████████████████████████| 27/27 [00:11<00:00,  2.30it/s]
Epoch 6: Train Loss: 0.3429, Train Acc: 0.8418, Train F1: 0.8420
Epoch 6: Val Loss: 0.4354, Val Acc: 0.7953, Val F1: 0.7963
Training: 100%|██████████████████████████████████████████████████████████████████████████████████████████████████████████| 189/189 [02:03<00:00,  1.53it/s]
Evaluating: 100%|██████████████████████████████████████████████████████████████████████████████████████████████████████████| 27/27 [00:11<00:00,  2.27it/s]
Epoch 7: Train Loss: 0.3210, Train Acc: 0.8637, Train F1: 0.8637
Epoch 7: Val Loss: 0.4657, Val Acc: 0.7628, Val F1: 0.7633
Training: 100%|██████████████████████████████████████████████████████████████████████████████████████████████████████████| 189/189 [01:49<00:00,  1.72it/s]
Evaluating: 100%|██████████████████████████████████████████████████████████████████████████████████████████████████████████| 27/27 [00:11<00:00,  2.32it/s]
Epoch 8: Train Loss: 0.3140, Train Acc: 0.8637, Train F1: 0.8637
Epoch 8: Val Loss: 0.5203, Val Acc: 0.8140, Val F1: 0.8137
New best model saved with F1: 0.8137
Training: 100%|██████████████████████████████████████████████████████████████████████████████████████████████████████████| 189/189 [01:29<00:00,  2.12it/s]
Evaluating: 100%|██████████████████████████████████████████████████████████████████████████████████████████████████████████| 27/27 [00:10<00:00,  2.55it/s]
Epoch 9: Train Loss: 0.3172, Train Acc: 0.8590, Train F1: 0.8590
Epoch 9: Val Loss: 0.4700, Val Acc: 0.8093, Val F1: 0.8102
Training: 100%|██████████████████████████████████████████████████████████████████████████████████████████████████████████| 189/189 [01:29<00:00,  2.12it/s]
Evaluating: 100%|██████████████████████████████████████████████████████████████████████████████████████████████████████████| 27/27 [00:10<00:00,  2.54it/s]
Epoch 10: Train Loss: 0.3047, Train Acc: 0.8709, Train F1: 0.8710
Epoch 10: Val Loss: 0.4895, Val Acc: 0.8047, Val F1: 0.8052
Training: 100%|██████████████████████████████████████████████████████████████████████████████████████████████████████████| 189/189 [02:09<00:00,  1.46it/s]
Evaluating: 100%|██████████████████████████████████████████████████████████████████████████████████████████████████████████| 27/27 [00:11<00:00,  2.32it/s]
Epoch 11: Train Loss: 0.3096, Train Acc: 0.8657, Train F1: 0.8658
Epoch 11: Val Loss: 0.4621, Val Acc: 0.8047, Val F1: 0.8034
Training: 100%|██████████████████████████████████████████████████████████████████████████████████████████████████████████| 189/189 [01:50<00:00,  1.71it/s]
Evaluating: 100%|██████████████████████████████████████████████████████████████████████████████████████████████████████████| 27/27 [00:12<00:00,  2.17it/s]
Epoch 12: Train Loss: 0.3168, Train Acc: 0.8570, Train F1: 0.8572
Epoch 12: Val Loss: 0.4441, Val Acc: 0.8140, Val F1: 0.8144
New best model saved with F1: 0.8144
Training: 100%|██████████████████████████████████████████████████████████████████████████████████████████████████████████| 189/189 [01:57<00:00,  1.61it/s]
Evaluating: 100%|██████████████████████████████████████████████████████████████████████████████████████████████████████████| 27/27 [00:12<00:00,  2.08it/s]
Epoch 13: Train Loss: 0.2786, Train Acc: 0.8749, Train F1: 0.8750
Epoch 13: Val Loss: 0.4783, Val Acc: 0.8326, Val F1: 0.8328
New best model saved with F1: 0.8328
Training: 100%|██████████████████████████████████████████████████████████████████████████████████████████████████████████| 189/189 [01:59<00:00,  1.58it/s]
Evaluating: 100%|██████████████████████████████████████████████████████████████████████████████████████████████████████████| 27/27 [00:11<00:00,  2.36it/s]
Epoch 14: Train Loss: 0.3028, Train Acc: 0.8703, Train F1: 0.8703
Epoch 14: Val Loss: 0.4806, Val Acc: 0.7814, Val F1: 0.7824
Training: 100%|██████████████████████████████████████████████████████████████████████████████████████████████████████████| 189/189 [01:34<00:00,  2.00it/s]
Evaluating: 100%|██████████████████████████████████████████████████████████████████████████████████████████████████████████| 27/27 [00:11<00:00,  2.33it/s]
Epoch 15: Train Loss: 0.2958, Train Acc: 0.8650, Train F1: 0.8650
Epoch 15: Val Loss: 0.4456, Val Acc: 0.8233, Val F1: 0.8227
Training: 100%|██████████████████████████████████████████████████████████████████████████████████████████████████████████| 189/189 [01:29<00:00,  2.11it/s]
Evaluating: 100%|██████████████████████████████████████████████████████████████████████████████████████████████████████████| 27/27 [00:10<00:00,  2.54it/s]
Epoch 16: Train Loss: 0.2606, Train Acc: 0.8842, Train F1: 0.8842
Epoch 16: Val Loss: 0.5086, Val Acc: 0.7721, Val F1: 0.7704
Training: 100%|██████████████████████████████████████████████████████████████████████████████████████████████████████████| 189/189 [02:04<00:00,  1.51it/s]
Evaluating: 100%|██████████████████████████████████████████████████████████████████████████████████████████████████████████| 27/27 [00:11<00:00,  2.33it/s]
Epoch 17: Train Loss: 0.2972, Train Acc: 0.8663, Train F1: 0.8664
Epoch 17: Val Loss: 0.4624, Val Acc: 0.8093, Val F1: 0.8098
Training: 100%|██████████████████████████████████████████████████████████████████████████████████████████████████████████| 189/189 [01:30<00:00,  2.08it/s]
Evaluating: 100%|██████████████████████████████████████████████████████████████████████████████████████████████████████████| 27/27 [00:10<00:00,  2.49it/s]
Epoch 18: Train Loss: 0.2576, Train Acc: 0.8921, Train F1: 0.8922
Epoch 18: Val Loss: 0.4792, Val Acc: 0.7907, Val F1: 0.7916
Training: 100%|██████████████████████████████████████████████████████████████████████████████████████████████████████████| 189/189 [01:30<00:00,  2.08it/s]
Evaluating: 100%|██████████████████████████████████████████████████████████████████████████████████████████████████████████| 27/27 [00:10<00:00,  2.49it/s]
Epoch 19: Train Loss: 0.2474, Train Acc: 0.8829, Train F1: 0.8829
Epoch 19: Val Loss: 0.5553, Val Acc: 0.8000, Val F1: 0.8009
Training: 100%|██████████████████████████████████████████████████████████████████████████████████████████████████████████| 189/189 [01:45<00:00,  1.79it/s]
Evaluating: 100%|██████████████████████████████████████████████████████████████████████████████████████████████████████████| 27/27 [00:11<00:00,  2.34it/s]
Epoch 20: Train Loss: 0.2412, Train Acc: 0.9007, Train F1: 0.9008
Epoch 20: Val Loss: 0.5638, Val Acc: 0.8186, Val F1: 0.8191
Testing: 100%|█████████████████████████████████████████████████████████████████████████████████████████████████████████████| 55/55 [00:21<00:00,  2.53it/s]
Test Loss: 0.3644, Test Acc: 0.8730, Test F1: 0.8730