Training: 100%|██████████████████████████████████████████████████████████████████████████████████████████████████████████████| 189/189 [01:38<00:00,  1.91it/s]
Evaluating: 100%|██████████████████████████████████████████████████████████████████████████████████████████████████████████████| 27/27 [00:11<00:00,  2.25it/s]
Epoch 1: Train Loss: 0.4498, Train Acc: 0.7909, Train F1: 0.7910
Epoch 1: Val Loss: 0.4679, Val Acc: 0.7628, Val F1: 0.7628
New best model saved with F1: 0.7628
Training: 100%|██████████████████████████████████████████████████████████████████████████████████████████████████████████████| 189/189 [01:38<00:00,  1.91it/s]
Evaluating: 100%|██████████████████████████████████████████████████████████████████████████████████████████████████████████████| 27/27 [00:12<00:00,  2.24it/s]
Epoch 2: Train Loss: 0.4056, Train Acc: 0.8220, Train F1: 0.8222
Epoch 2: Val Loss: 0.4424, Val Acc: 0.7767, Val F1: 0.7776
New best model saved with F1: 0.7776
Training: 100%|██████████████████████████████████████████████████████████████████████████████████████████████████████████████| 189/189 [01:38<00:00,  1.91it/s]
Evaluating: 100%|██████████████████████████████████████████████████████████████████████████████████████████████████████████████| 27/27 [00:11<00:00,  2.29it/s]
Epoch 3: Train Loss: 0.3896, Train Acc: 0.8226, Train F1: 0.8229
Epoch 3: Val Loss: 0.4520, Val Acc: 0.8000, Val F1: 0.8009
New best model saved with F1: 0.8009
Training: 100%|██████████████████████████████████████████████████████████████████████████████████████████████████████████████| 189/189 [01:38<00:00,  1.92it/s]
Evaluating: 100%|██████████████████████████████████████████████████████████████████████████████████████████████████████████████| 27/27 [00:11<00:00,  2.27it/s]
Epoch 4: Train Loss: 0.3919, Train Acc: 0.8240, Train F1: 0.8242
Epoch 4: Val Loss: 0.4198, Val Acc: 0.7953, Val F1: 0.7960
Training: 100%|██████████████████████████████████████████████████████████████████████████████████████████████████████████████| 189/189 [01:39<00:00,  1.89it/s]
Evaluating: 100%|██████████████████████████████████████████████████████████████████████████████████████████████████████████████| 27/27 [00:11<00:00,  2.27it/s]
Epoch 5: Train Loss: 0.3812, Train Acc: 0.8339, Train F1: 0.8341
Epoch 5: Val Loss: 0.4433, Val Acc: 0.7953, Val F1: 0.7960
Training: 100%|██████████████████████████████████████████████████████████████████████████████████████████████████████████████| 189/189 [01:39<00:00,  1.91it/s]
Evaluating: 100%|██████████████████████████████████████████████████████████████████████████████████████████████████████████████| 27/27 [00:12<00:00,  2.24it/s]
Epoch 6: Train Loss: 0.3763, Train Acc: 0.8319, Train F1: 0.8321
Epoch 6: Val Loss: 0.4378, Val Acc: 0.7581, Val F1: 0.7585
Training: 100%|██████████████████████████████████████████████████████████████████████████████████████████████████████████████| 189/189 [01:38<00:00,  1.92it/s]
Evaluating: 100%|██████████████████████████████████████████████████████████████████████████████████████████████████████████████| 27/27 [00:11<00:00,  2.25it/s]
Epoch 7: Train Loss: 0.3738, Train Acc: 0.8379, Train F1: 0.8381
Epoch 7: Val Loss: 0.4442, Val Acc: 0.8140, Val F1: 0.8109
New best model saved with F1: 0.8109
Training: 100%|██████████████████████████████████████████████████████████████████████████████████████████████████████████████| 189/189 [01:38<00:00,  1.92it/s]
Evaluating: 100%|██████████████████████████████████████████████████████████████████████████████████████████████████████████████| 27/27 [00:12<00:00,  2.25it/s]
Epoch 8: Train Loss: 0.3740, Train Acc: 0.8405, Train F1: 0.8407
Epoch 8: Val Loss: 0.4777, Val Acc: 0.7860, Val F1: 0.7868
Training: 100%|██████████████████████████████████████████████████████████████████████████████████████████████████████████████| 189/189 [01:38<00:00,  1.91it/s]
Evaluating: 100%|██████████████████████████████████████████████████████████████████████████████████████████████████████████████| 27/27 [00:12<00:00,  2.24it/s]
Epoch 9: Train Loss: 0.3689, Train Acc: 0.8299, Train F1: 0.8301
Epoch 9: Val Loss: 0.4375, Val Acc: 0.8093, Val F1: 0.8102
Training: 100%|██████████████████████████████████████████████████████████████████████████████████████████████████████████████| 189/189 [01:38<00:00,  1.92it/s]
Evaluating: 100%|██████████████████████████████████████████████████████████████████████████████████████████████████████████████| 27/27 [00:12<00:00,  2.24it/s]
Epoch 10: Train Loss: 0.3526, Train Acc: 0.8465, Train F1: 0.8467
Epoch 10: Val Loss: 0.4687, Val Acc: 0.8093, Val F1: 0.8096
Training: 100%|██████████████████████████████████████████████████████████████████████████████████████████████████████████████| 189/189 [01:39<00:00,  1.91it/s]
Evaluating: 100%|██████████████████████████████████████████████████████████████████████████████████████████████████████████████| 27/27 [00:12<00:00,  2.23it/s]
Epoch 11: Train Loss: 0.3701, Train Acc: 0.8385, Train F1: 0.8386
Epoch 11: Val Loss: 0.4368, Val Acc: 0.7814, Val F1: 0.7823
Training: 100%|██████████████████████████████████████████████████████████████████████████████████████████████████████████████| 189/189 [01:39<00:00,  1.90it/s]
Evaluating: 100%|██████████████████████████████████████████████████████████████████████████████████████████████████████████████| 27/27 [00:12<00:00,  2.23it/s]
Epoch 12: Train Loss: 0.3643, Train Acc: 0.8339, Train F1: 0.8341
Epoch 12: Val Loss: 0.4514, Val Acc: 0.7721, Val F1: 0.7729
Training: 100%|██████████████████████████████████████████████████████████████████████████████████████████████████████████████| 189/189 [01:40<00:00,  1.89it/s]
Evaluating: 100%|██████████████████████████████████████████████████████████████████████████████████████████████████████████████| 27/27 [00:11<00:00,  2.26it/s]
Epoch 13: Train Loss: 0.3463, Train Acc: 0.8445, Train F1: 0.8447
Epoch 13: Val Loss: 0.4981, Val Acc: 0.7907, Val F1: 0.7916
Training: 100%|██████████████████████████████████████████████████████████████████████████████████████████████████████████████| 189/189 [01:38<00:00,  1.91it/s]
Evaluating: 100%|██████████████████████████████████████████████████████████████████████████████████████████████████████████████| 27/27 [00:11<00:00,  2.28it/s]
Epoch 14: Train Loss: 0.3479, Train Acc: 0.8451, Train F1: 0.8453
Epoch 14: Val Loss: 0.4372, Val Acc: 0.7814, Val F1: 0.7824
Training: 100%|██████████████████████████████████████████████████████████████████████████████████████████████████████████████| 189/189 [01:39<00:00,  1.91it/s]
Evaluating: 100%|██████████████████████████████████████████████████████████████████████████████████████████████████████████████| 27/27 [00:12<00:00,  2.24it/s]
Epoch 15: Train Loss: 0.3420, Train Acc: 0.8557, Train F1: 0.8559
Epoch 15: Val Loss: 0.4224, Val Acc: 0.7860, Val F1: 0.7869
Training: 100%|██████████████████████████████████████████████████████████████████████████████████████████████████████████████| 189/189 [01:39<00:00,  1.90it/s]
Evaluating: 100%|██████████████████████████████████████████████████████████████████████████████████████████████████████████████| 27/27 [00:11<00:00,  2.26it/s]
Epoch 16: Train Loss: 0.3611, Train Acc: 0.8458, Train F1: 0.8460
Epoch 16: Val Loss: 0.4708, Val Acc: 0.8140, Val F1: 0.8144
New best model saved with F1: 0.8144
Training: 100%|██████████████████████████████████████████████████████████████████████████████████████████████████████████████| 189/189 [01:38<00:00,  1.91it/s]
Evaluating: 100%|██████████████████████████████████████████████████████████████████████████████████████████████████████████████| 27/27 [00:12<00:00,  2.24it/s]
Epoch 17: Train Loss: 0.3383, Train Acc: 0.8491, Train F1: 0.8492
Epoch 17: Val Loss: 0.4430, Val Acc: 0.7907, Val F1: 0.7914
Training: 100%|██████████████████████████████████████████████████████████████████████████████████████████████████████████████| 189/189 [01:39<00:00,  1.90it/s]
Evaluating: 100%|██████████████████████████████████████████████████████████████████████████████████████████████████████████████| 27/27 [00:12<00:00,  2.24it/s]
Epoch 18: Train Loss: 0.3426, Train Acc: 0.8438, Train F1: 0.8440
Epoch 18: Val Loss: 0.4968, Val Acc: 0.7814, Val F1: 0.7823
Training: 100%|██████████████████████████████████████████████████████████████████████████████████████████████████████████████| 189/189 [01:39<00:00,  1.90it/s]
Evaluating: 100%|██████████████████████████████████████████████████████████████████████████████████████████████████████████████| 27/27 [00:12<00:00,  2.24it/s]
Epoch 19: Train Loss: 0.3489, Train Acc: 0.8524, Train F1: 0.8526
Epoch 19: Val Loss: 0.4619, Val Acc: 0.8093, Val F1: 0.8101
Training: 100%|██████████████████████████████████████████████████████████████████████████████████████████████████████████████| 189/189 [01:38<00:00,  1.91it/s]
Evaluating: 100%|██████████████████████████████████████████████████████████████████████████████████████████████████████████████| 27/27 [00:12<00:00,  2.25it/s]
Epoch 20: Train Loss: 0.3388, Train Acc: 0.8498, Train F1: 0.8500
Epoch 20: Val Loss: 0.5036, Val Acc: 0.7907, Val F1: 0.7916
Testing: 100%|█████████████████████████████████████████████████████████████████████████████████████████████████████████████████| 55/55 [00:23<00:00,  2.30it/s]
Test Loss: 0.3856, Test Acc: 0.8568, Test F1: 0.8568
