Training: 100%|██████████████████████████████████████████████████████████████████████████████████████████████████████████████| 162/162 [01:26<00:00,  1.88it/s]
Evaluating: 100%|██████████████████████████████████████████████████████████████████████████████████████████████████████████████| 54/54 [00:23<00:00,  2.25it/s]
Epoch 1: Train Loss: 0.4421, Train Acc: 0.8031, Train F1: 0.8029
Epoch 1: Val Loss: 0.3979, Val Acc: 0.8260, Val F1: 0.8267
New best model saved with F1: 0.8267
Training: 100%|██████████████████████████████████████████████████████████████████████████████████████████████████████████████| 162/162 [01:25<00:00,  1.89it/s]
Evaluating: 100%|██████████████████████████████████████████████████████████████████████████████████████████████████████████████| 54/54 [00:23<00:00,  2.27it/s]
Epoch 2: Train Loss: 0.3964, Train Acc: 0.8193, Train F1: 0.8194
Epoch 2: Val Loss: 0.3953, Val Acc: 0.8121, Val F1: 0.8130
Training: 100%|██████████████████████████████████████████████████████████████████████████████████████████████████████████████| 162/162 [01:24<00:00,  1.92it/s]
Evaluating: 100%|██████████████████████████████████████████████████████████████████████████████████████████████████████████████| 54/54 [00:23<00:00,  2.25it/s]
Epoch 3: Train Loss: 0.3975, Train Acc: 0.8208, Train F1: 0.8210
Epoch 3: Val Loss: 0.3937, Val Acc: 0.7958, Val F1: 0.7969
Training: 100%|██████████████████████████████████████████████████████████████████████████████████████████████████████████████| 162/162 [01:24<00:00,  1.91it/s]
Evaluating: 100%|██████████████████████████████████████████████████████████████████████████████████████████████████████████████| 54/54 [00:24<00:00,  2.20it/s]
Epoch 4: Train Loss: 0.3812, Train Acc: 0.8154, Train F1: 0.8156
Epoch 4: Val Loss: 0.4226, Val Acc: 0.8051, Val F1: 0.8060
Training: 100%|██████████████████████████████████████████████████████████████████████████████████████████████████████████████| 162/162 [01:26<00:00,  1.88it/s]
Evaluating: 100%|██████████████████████████████████████████████████████████████████████████████████████████████████████████████| 54/54 [00:23<00:00,  2.26it/s]
Epoch 5: Train Loss: 0.3761, Train Acc: 0.8340, Train F1: 0.8341
Epoch 5: Val Loss: 0.3927, Val Acc: 0.8121, Val F1: 0.8126
Training: 100%|██████████████████████████████████████████████████████████████████████████████████████████████████████████████| 162/162 [01:25<00:00,  1.89it/s]
Evaluating: 100%|██████████████████████████████████████████████████████████████████████████████████████████████████████████████| 54/54 [00:23<00:00,  2.27it/s]
Epoch 6: Train Loss: 0.3581, Train Acc: 0.8386, Train F1: 0.8387
Epoch 6: Val Loss: 0.4153, Val Acc: 0.7935, Val F1: 0.7946
Training: 100%|██████████████████████████████████████████████████████████████████████████████████████████████████████████████| 162/162 [01:25<00:00,  1.89it/s]
Evaluating: 100%|██████████████████████████████████████████████████████████████████████████████████████████████████████████████| 54/54 [00:24<00:00,  2.23it/s]
Epoch 7: Train Loss: 0.3346, Train Acc: 0.8533, Train F1: 0.8534
Epoch 7: Val Loss: 0.4083, Val Acc: 0.8190, Val F1: 0.8200
Training: 100%|██████████████████████████████████████████████████████████████████████████████████████████████████████████████| 162/162 [01:25<00:00,  1.89it/s]
Evaluating: 100%|██████████████████████████████████████████████████████████████████████████████████████████████████████████████| 54/54 [00:23<00:00,  2.27it/s]
Epoch 8: Train Loss: 0.3081, Train Acc: 0.8625, Train F1: 0.8627
Epoch 8: Val Loss: 0.4141, Val Acc: 0.8097, Val F1: 0.8084
Training: 100%|██████████████████████████████████████████████████████████████████████████████████████████████████████████████| 162/162 [01:24<00:00,  1.91it/s]
Evaluating: 100%|██████████████████████████████████████████████████████████████████████████████████████████████████████████████| 54/54 [00:23<00:00,  2.25it/s]
Epoch 9: Train Loss: 0.3034, Train Acc: 0.8695, Train F1: 0.8695
Epoch 9: Val Loss: 0.4017, Val Acc: 0.8306, Val F1: 0.8314
New best model saved with F1: 0.8314
Training: 100%|██████████████████████████████████████████████████████████████████████████████████████████████████████████████| 162/162 [01:24<00:00,  1.92it/s]
Evaluating: 100%|██████████████████████████████████████████████████████████████████████████████████████████████████████████████| 54/54 [00:23<00:00,  2.25it/s]
Epoch 10: Train Loss: 0.2828, Train Acc: 0.8780, Train F1: 0.8781
Epoch 10: Val Loss: 0.4405, Val Acc: 0.8074, Val F1: 0.8069
Training: 100%|██████████████████████████████████████████████████████████████████████████████████████████████████████████████| 162/162 [01:26<00:00,  1.87it/s]
Evaluating: 100%|██████████████████████████████████████████████████████████████████████████████████████████████████████████████| 54/54 [00:23<00:00,  2.25it/s]
Epoch 11: Train Loss: 0.2781, Train Acc: 0.8826, Train F1: 0.8827
Epoch 11: Val Loss: 0.4247, Val Acc: 0.8283, Val F1: 0.8276
Training: 100%|██████████████████████████████████████████████████████████████████████████████████████████████████████████████| 162/162 [01:26<00:00,  1.88it/s]
Evaluating: 100%|██████████████████████████████████████████████████████████████████████████████████████████████████████████████| 54/54 [00:24<00:00,  2.18it/s]
Epoch 12: Train Loss: 0.2730, Train Acc: 0.8695, Train F1: 0.8695
Epoch 12: Val Loss: 0.3916, Val Acc: 0.8167, Val F1: 0.8160
Training: 100%|██████████████████████████████████████████████████████████████████████████████████████████████████████████████| 162/162 [01:24<00:00,  1.91it/s]
Evaluating: 100%|██████████████████████████████████████████████████████████████████████████████████████████████████████████████| 54/54 [00:24<00:00,  2.24it/s]
Epoch 13: Train Loss: 0.2542, Train Acc: 0.9081, Train F1: 0.9081
Epoch 13: Val Loss: 0.4838, Val Acc: 0.8144, Val F1: 0.8146
Training: 100%|██████████████████████████████████████████████████████████████████████████████████████████████████████████████| 162/162 [01:25<00:00,  1.89it/s]
Evaluating: 100%|██████████████████████████████████████████████████████████████████████████████████████████████████████████████| 54/54 [00:24<00:00,  2.25it/s]
Epoch 14: Train Loss: 0.2425, Train Acc: 0.8888, Train F1: 0.8888
Epoch 14: Val Loss: 0.4277, Val Acc: 0.8329, Val F1: 0.8328
New best model saved with F1: 0.8328
Training: 100%|██████████████████████████████████████████████████████████████████████████████████████████████████████████████| 162/162 [01:26<00:00,  1.88it/s]
Evaluating: 100%|██████████████████████████████████████████████████████████████████████████████████████████████████████████████| 54/54 [00:24<00:00,  2.20it/s]
Epoch 15: Train Loss: 0.2220, Train Acc: 0.9089, Train F1: 0.9088
Epoch 15: Val Loss: 0.5387, Val Acc: 0.8399, Val F1: 0.8405
New best model saved with F1: 0.8405
Training: 100%|██`████████████████████████████████████████████████████████████████████████████████████████████████████████████| 162/162 [01:24<00:00,  1.91it/s]
Evaluating: 100%|██████████████████████████████████████████████████████████████████████████████████████████████████████████████| 54/54 [00:23<00:00,  2.26it/s]
Epoch 16: Train Loss: 0.2229, Train Acc: 0.9081, Train F1: 0.9081
Epoch 16: Val Loss: 0.4569, Val Acc: 0.8121, Val F1: 0.8126
Training: 100%|██████████████████████████████████████████████████████████████████████████████████████████████████████████████| 162/162 [01:27<00:00,  1.85it/s]
Evaluating: 100%|██████████████████████████████████████████████████████████████████████████████████████████████████████████████| 54/54 [00:23<00:00,  2.25it/s]
Epoch 17: Train Loss: 0.1740, Train Acc: 0.9313, Train F1: 0.9312
Epoch 17: Val Loss: 0.5881, Val Acc: 0.8028, Val F1: 0.8019
Training: 100%|██████████████████████████████████████████████████████████████████████████████████████████████████████████████| 162/162 [01:24<00:00,  1.92it/s]
Evaluating: 100%|██████████████████████████████████████████████████████████████████████████████████████████████████████████████| 54/54 [00:24<00:00,  2.23it/s]
Epoch 18: Train Loss: 0.1691, Train Acc: 0.9328, Train F1: 0.9328
Epoch 18: Val Loss: 0.5780, Val Acc: 0.7981, Val F1: 0.7992
Training: 100%|██████████████████████████████████████████████████████████████████████████████████████████████████████████████| 162/162 [01:25<00:00,  1.90it/s]
Evaluating: 100%|██████████████████████████████████████████████████████████████████████████████████████████████████████████████| 54/54 [00:23<00:00,  2.26it/s]
Epoch 19: Train Loss: 0.1119, Train Acc: 0.9506, Train F1: 0.9506
Epoch 19: Val Loss: 0.7556, Val Acc: 0.8028, Val F1: 0.8017
Training: 100%|██████████████████████████████████████████████████████████████████████████████████████████████████████████████| 162/162 [01:26<00:00,  1.87it/s]
Evaluating: 100%|██████████████████████████████████████████████████████████████████████████████████████████████████████████████| 54/54 [00:24<00:00,  2.24it/s]
Epoch 20: Train Loss: 0.1150, Train Acc: 0.9560, Train F1: 0.9560
Epoch 20: Val Loss: 1.0079, Val Acc: 0.7633, Val F1: 0.7646
Testing: 100%|█████████████████████████████████████████████████████████████████████████████████████████████████████████████████| 55/55 [00:24<00:00,  2.27it/s]
Test Loss: 0.4410, Test Acc: 0.8707, Test F1: 0.8705