raining: 100%|██████████████████████████████████████████████████████████████████████████████████████████████████████████████| 162/162 [01:25<00:00,  1.89it/s]
Evaluating: 100%|██████████████████████████████████████████████████████████████████████████████████████████████████████████████| 54/54 [00:24<00:00,  2.23it/s]
Epoch 1: Train Loss: 0.4424, Train Acc: 0.8039, Train F1: 0.8038
Epoch 1: Val Loss: 0.4003, Val Acc: 0.8167, Val F1: 0.8176
New best model saved with F1: 0.8176
Training: 100%|██████████████████████████████████████████████████████████████████████████████████████████████████████████████| 162/162 [01:25<00:00,  1.89it/s]
Evaluating: 100%|██████████████████████████████████████████████████████████████████████████████████████████████████████████████| 54/54 [00:24<00:00,  2.21it/s]
Epoch 2: Train Loss: 0.3949, Train Acc: 0.8239, Train F1: 0.8241
Epoch 2: Val Loss: 0.3973, Val Acc: 0.8074, Val F1: 0.8084
Training: 100%|██████████████████████████████████████████████████████████████████████████████████████████████████████████████| 162/162 [01:25<00:00,  1.90it/s]
Evaluating: 100%|██████████████████████████████████████████████████████████████████████████████████████████████████████████████| 54/54 [00:24<00:00,  2.23it/s]
Epoch 3: Train Loss: 0.3965, Train Acc: 0.8201, Train F1: 0.8202
Epoch 3: Val Loss: 0.3907, Val Acc: 0.8028, Val F1: 0.8038
Training: 100%|██████████████████████████████████████████████████████████████████████████████████████████████████████████████| 162/162 [01:27<00:00,  1.86it/s]
Evaluating: 100%|██████████████████████████████████████████████████████████████████████████████████████████████████████████████| 54/54 [00:24<00:00,  2.23it/s]
Epoch 4: Train Loss: 0.3813, Train Acc: 0.8185, Train F1: 0.8187
Epoch 4: Val Loss: 0.4222, Val Acc: 0.8028, Val F1: 0.8037
Training: 100%|██████████████████████████████████████████████████████████████████████████████████████████████████████████████| 162/162 [01:26<00:00,  1.87it/s]
Evaluating: 100%|██████████████████████████████████████████████████████████████████████████████████████████████████████████████| 54/54 [00:24<00:00,  2.23it/s]
Epoch 5: Train Loss: 0.3842, Train Acc: 0.8340, Train F1: 0.8341
Epoch 5: Val Loss: 0.3981, Val Acc: 0.8144, Val F1: 0.8153
Training: 100%|██████████████████████████████████████████████████████████████████████████████████████████████████████████████| 162/162 [01:25<00:00,  1.90it/s]
Evaluating: 100%|██████████████████████████████████████████████████████████████████████████████████████████████████████████████| 54/54 [00:24<00:00,  2.24it/s]
Epoch 6: Train Loss: 0.3714, Train Acc: 0.8301, Train F1: 0.8303
Epoch 6: Val Loss: 0.4348, Val Acc: 0.7680, Val F1: 0.7670
Training: 100%|██████████████████████████████████████████████████████████████████████████████████████████████████████████████| 162/162 [01:25<00:00,  1.89it/s]
Evaluating: 100%|██████████████████████████████████████████████████████████████████████████████████████████████████████████████| 54/54 [00:24<00:00,  2.20it/s]
Epoch 7: Train Loss: 0.3648, Train Acc: 0.8332, Train F1: 0.8333
Epoch 7: Val Loss: 0.4088, Val Acc: 0.8074, Val F1: 0.8083
Training: 100%|██████████████████████████████████████████████████████████████████████████████████████████████████████████████| 162/162 [01:25<00:00,  1.90it/s]
Evaluating: 100%|██████████████████████████████████████████████████████████████████████████████████████████████████████████████| 54/54 [00:24<00:00,  2.24it/s]
Epoch 8: Train Loss: 0.3380, Train Acc: 0.8556, Train F1: 0.8557
Epoch 8: Val Loss: 0.3938, Val Acc: 0.8167, Val F1: 0.8164
Training: 100%|██████████████████████████████████████████████████████████████████████████████████████████████████████████████| 162/162 [01:25<00:00,  1.89it/s]
Evaluating: 100%|██████████████████████████████████████████████████████████████████████████████████████████████████████████████| 54/54 [00:24<00:00,  2.17it/s]
Epoch 9: Train Loss: 0.3269, Train Acc: 0.8494, Train F1: 0.8495
Epoch 9: Val Loss: 0.3935, Val Acc: 0.8190, Val F1: 0.8197
New best model saved with F1: 0.8197
Training: 100%|██████████████████████████████████████████████████████████████████████████████████████████████████████████████| 162/162 [01:25<00:00,  1.90it/s]
Evaluating: 100%|██████████████████████████████████████████████████████████████████████████████████████████████████████████████| 54/54 [00:24<00:00,  2.23it/s]
Epoch 10: Train Loss: 0.3119, Train Acc: 0.8687, Train F1: 0.8688
Epoch 10: Val Loss: 0.4106, Val Acc: 0.8167, Val F1: 0.8175
Training: 100%|██████████████████████████████████████████████████████████████████████████████████████████████████████████████| 162/162 [01:25<00:00,  1.89it/s]
Evaluating: 100%|██████████████████████████████████████████████████████████████████████████████████████████████████████████████| 54/54 [00:24<00:00,  2.24it/s]
Epoch 11: Train Loss: 0.2986, Train Acc: 0.8687, Train F1: 0.8688
Epoch 11: Val Loss: 0.4283, Val Acc: 0.8283, Val F1: 0.8278
New best model saved with F1: 0.8278
Training: 100%|██████████████████████████████████████████████████████████████████████████████████████████████████████████████| 162/162 [01:26<00:00,  1.88it/s]
Evaluating: 100%|██████████████████████████████████████████████████████████████████████████████████████████████████████████████| 54/54 [00:24<00:00,  2.23it/s]
Epoch 12: Train Loss: 0.2947, Train Acc: 0.8672, Train F1: 0.8673
Epoch 12: Val Loss: 0.3764, Val Acc: 0.8399, Val F1: 0.8399
New best model saved with F1: 0.8399
Training: 100%|██████████████████████████████████████████████████████████████████████████████████████████████████████████████| 162/162 [01:25<00:00,  1.90it/s]
Evaluating: 100%|██████████████████████████████████████████████████████████████████████████████████████████████████████████████| 54/54 [00:24<00:00,  2.22it/s]
Epoch 13: Train Loss: 0.2787, Train Acc: 0.8826, Train F1: 0.8827
Epoch 13: Val Loss: 0.4672, Val Acc: 0.8028, Val F1: 0.8036
Training: 100%|██████████████████████████████████████████████████████████████████████████████████████████████████████████████| 162/162 [01:25<00:00,  1.90it/s]
Evaluating: 100%|██████████████████████████████████████████████████████████████████████████████████████████████████████████████| 54/54 [00:24<00:00,  2.23it/s]
Epoch 14: Train Loss: 0.2678, Train Acc: 0.8795, Train F1: 0.8796
Epoch 14: Val Loss: 0.4105, Val Acc: 0.8306, Val F1: 0.8307
Training: 100%|██████████████████████████████████████████████████████████████████████████████████████████████████████████████| 162/162 [01:25<00:00,  1.89it/s]
Evaluating: 100%|██████████████████████████████████████████████████████████████████████████████████████████████████████████████| 54/54 [00:24<00:00,  2.23it/s]
Epoch 15: Train Loss: 0.2651, Train Acc: 0.8849, Train F1: 0.8850
Epoch 15: Val Loss: 0.4833, Val Acc: 0.8237, Val F1: 0.8245
Training: 100%|██████████████████████████████████████████████████████████████████████████████████████████████████████████████| 162/162 [01:25<00:00,  1.90it/s]
Evaluating: 100%|██████████████████████████████████████████████████████████████████████████████████████████████████████████████| 54/54 [00:24<00:00,  2.22it/s]
Epoch 16: Train Loss: 0.2561, Train Acc: 0.8950, Train F1: 0.8951
Epoch 16: Val Loss: 0.4111, Val Acc: 0.8167, Val F1: 0.8174
Training: 100%|██████████████████████████████████████████████████████████████████████████████████████████████████████████████| 162/162 [01:25<00:00,  1.89it/s]
Evaluating: 100%|██████████████████████████████████████████████████████████████████████████████████████████████████████████████| 54/54 [00:24<00:00,  2.23it/s]
Epoch 17: Train Loss: 0.2429, Train Acc: 0.8934, Train F1: 0.8935
Epoch 17: Val Loss: 0.5161, Val Acc: 0.8237, Val F1: 0.8234
Training: 100%|██████████████████████████████████████████████████████████████████████████████████████████████████████████████| 162/162 [01:25<00:00,  1.89it/s]
Evaluating: 100%|██████████████████████████████████████████████████████████████████████████████████████████████████████████████| 54/54 [00:24<00:00,  2.24it/s]
Epoch 18: Train Loss: 0.2403, Train Acc: 0.8896, Train F1: 0.8895
Epoch 18: Val Loss: 0.4729, Val Acc: 0.7958, Val F1: 0.7969
Training: 100%|██████████████████████████████████████████████████████████████████████████████████████████████████████████████| 162/162 [01:26<00:00,  1.88it/s]
Evaluating: 100%|██████████████████████████████████████████████████████████████████████████████████████████████████████████████| 54/54 [00:24<00:00,  2.19it/s]
Epoch 19: Train Loss: 0.2010, Train Acc: 0.9104, Train F1: 0.9104
Epoch 19: Val Loss: 0.5403, Val Acc: 0.8121, Val F1: 0.8126
Training: 100%|██████████████████████████████████████████████████████████████████████████████████████████████████████████████| 162/162 [01:25<00:00,  1.90it/s]
Evaluating: 100%|██████████████████████████████████████████████████████████████████████████████████████████████████████████████| 54/54 [00:24<00:00,  2.23it/s]
Epoch 20: Train Loss: 0.1847, Train Acc: 0.9290, Train F1: 0.9290
Epoch 20: Val Loss: 0.5328, Val Acc: 0.8213, Val F1: 0.8219
Testing: 100%|█████████████████████████████████████████████████████████████████████████████████████████████████████████████████| 55/55 [00:24<00:00,  2.28it/s]
Test Loss: 0.3494, Test Acc: 0.8637, Test F1: 0.8637